<?xml version="1.0" encoding="UTF-8"?>
<!-- Generated by org.testng.reporters.JUnitXMLReporter -->
<testsuite ignored="0" hostname="LAPTOP-MHS7RQK4" failures="2" tests="2" name="Default test" time="13.873" errors="0" timestamp="20 Nov 2023 14:48:32 GMT">
  <testcase classname="io.cucumber.testng.AbstractTestNGCucumberTests" name="runScenario" time="8.673">
    <failure type="org.openqa.selenium.SessionNotCreatedException" message="session not created: This version of ChromeDriver only supports Chrome version 114
Current browser version is 119.0.6045.160 with binary path C:\Program Files (x86)\Google\Chrome\Application\chrome.exe
Build info: version: &amp;apos;3.5.3&amp;apos;, revision: &amp;apos;a88d25fe6b&amp;apos;, time: &amp;apos;2017-08-29T12:42:44.417Z&amp;apos;
System info: host: &amp;apos;LAPTOP-MHS7RQK4&amp;apos;, ip: &amp;apos;172.20.112.1&amp;apos;, os.name: &amp;apos;Windows 10&amp;apos;, os.arch: &amp;apos;amd64&amp;apos;, os.version: &amp;apos;10.0&amp;apos;, java.version: &amp;apos;17.0.4.1&amp;apos;
Driver info: driver.version: ChromeDriver
remote stacktrace: Backtrace:
	GetHandleVerifier [0x0052A813+48355]
	(No symbol) [0x004BC4B1]
	(No symbol) [0x003C5358]
	(No symbol) [0x003E61AC]
	(No symbol) [0x003E1EF3]
	(No symbol) [0x003E0579]
	(No symbol) [0x00410C55]
	(No symbol) [0x0041093C]
	(No symbol) [0x0040A536]
	(No symbol) [0x003E82DC]
	(No symbol) [0x003E93DD]
	GetHandleVerifier [0x0078AABD+2539405]
	GetHandleVerifier [0x007CA78F+2800735]
	GetHandleVerifier [0x007C456C+2775612]
	GetHandleVerifier [0x005B51E0+616112]
	(No symbol) [0x004C5F8C]
	(No symbol) [0x004C2328]
	(No symbol) [0x004C240B]
	(No symbol) [0x004B4FF7]
	BaseThreadInitThunk [0x75DBFCC9+25]
	RtlGetAppContainerNamedObjectPath [0x778A7C6E+286]
	RtlGetAppContainerNamedObjectPath [0x778A7C3E+238]
">
      <![CDATA[org.openqa.selenium.SessionNotCreatedException: session not created: This version of ChromeDriver only supports Chrome version 114
Current browser version is 119.0.6045.160 with binary path C:\Program Files (x86)\Google\Chrome\Application\chrome.exe
Build info: version: '3.5.3', revision: 'a88d25fe6b', time: '2017-08-29T12:42:44.417Z'
System info: host: 'LAPTOP-MHS7RQK4', ip: '172.20.112.1', os.name: 'Windows 10', os.arch: 'amd64', os.version: '10.0', java.version: '17.0.4.1'
Driver info: driver.version: ChromeDriver
remote stacktrace: Backtrace:
GetHandleVerifier [0x0052A813+48355]
(No symbol) [0x004BC4B1]
(No symbol) [0x003C5358]
(No symbol) [0x003E61AC]
(No symbol) [0x003E1EF3]
(No symbol) [0x003E0579]
(No symbol) [0x00410C55]
(No symbol) [0x0041093C]
(No symbol) [0x0040A536]
(No symbol) [0x003E82DC]
(No symbol) [0x003E93DD]
GetHandleVerifier [0x0078AABD+2539405]
GetHandleVerifier [0x007CA78F+2800735]
GetHandleVerifier [0x007C456C+2775612]
GetHandleVerifier [0x005B51E0+616112]
(No symbol) [0x004C5F8C]
(No symbol) [0x004C2328]
(No symbol) [0x004C240B]
(No symbol) [0x004B4FF7]
BaseThreadInitThunk [0x75DBFCC9+25]
RtlGetAppContainerNamedObjectPath [0x778A7C6E+286]
RtlGetAppContainerNamedObjectPath [0x778A7C3E+238]

at java.base/jdk.internal.reflect.NativeConstructorAccessorImpl.newInstance0(Native Method)
at java.base/jdk.internal.reflect.NativeConstructorAccessorImpl.newInstance(NativeConstructorAccessorImpl.java:77)
at java.base/jdk.internal.reflect.DelegatingConstructorAccessorImpl.newInstance(DelegatingConstructorAccessorImpl.java:45)
at java.base/java.lang.reflect.Constructor.newInstanceWithCaller(Constructor.java:499)
at java.base/java.lang.reflect.Constructor.newInstance(Constructor.java:480)
at org.openqa.selenium.remote.W3CHandshakeResponse.lambda$new$0(W3CHandshakeResponse.java:57)
at org.openqa.selenium.remote.W3CHandshakeResponse.lambda$getResponseFunction$2(W3CHandshakeResponse.java:104)
at org.openqa.selenium.remote.ProtocolHandshake.lambda$createSession$24(ProtocolHandshake.java:359)
at java.base/java.util.stream.ReferencePipeline$3$1.accept(ReferencePipeline.java:197)
at java.base/java.util.Spliterators$ArraySpliterator.tryAdvance(Spliterators.java:1002)
at java.base/java.util.stream.ReferencePipeline.forEachWithCancel(ReferencePipeline.java:129)
at java.base/java.util.stream.AbstractPipeline.copyIntoWithCancel(AbstractPipeline.java:527)
at java.base/java.util.stream.AbstractPipeline.copyInto(AbstractPipeline.java:513)
at java.base/java.util.stream.AbstractPipeline.wrapAndCopyInto(AbstractPipeline.java:499)
at java.base/java.util.stream.FindOps$FindOp.evaluateSequential(FindOps.java:150)
at java.base/java.util.stream.AbstractPipeline.evaluate(AbstractPipeline.java:234)
at java.base/java.util.stream.ReferencePipeline.findFirst(ReferencePipeline.java:647)
at org.openqa.selenium.remote.ProtocolHandshake.createSession(ProtocolHandshake.java:362)
at org.openqa.selenium.remote.ProtocolHandshake.createSession(ProtocolHandshake.java:136)
at org.openqa.selenium.remote.HttpCommandExecutor.execute(HttpCommandExecutor.java:142)
at org.openqa.selenium.remote.service.DriverCommandExecutor.execute(DriverCommandExecutor.java:82)
at org.openqa.selenium.remote.RemoteWebDriver.execute(RemoteWebDriver.java:646)
at org.openqa.selenium.remote.RemoteWebDriver.startSession(RemoteWebDriver.java:255)
at org.openqa.selenium.remote.RemoteWebDriver.startSession(RemoteWebDriver.java:237)
at org.openqa.selenium.remote.RemoteWebDriver.<init>(RemoteWebDriver.java:138)
at org.openqa.selenium.chrome.ChromeDriver.<init>(ChromeDriver.java:178)
at org.openqa.selenium.chrome.ChromeDriver.<init>(ChromeDriver.java:167)
at org.openqa.selenium.chrome.ChromeDriver.<init>(ChromeDriver.java:156)
at com.plan.Utils.helper.setUpDriver(helper.java:47)
at parallelTest.hooks.setUpBrowser(hooks.java:40)
]]>
    </failure>
  </testcase> <!-- runScenario -->
  <testcase classname="io.cucumber.testng.AbstractTestNGCucumberTests" name="runScenario" time="0.951">
    <failure type="org.openqa.selenium.SessionNotCreatedException" message="session not created: This version of ChromeDriver only supports Chrome version 114
Current browser version is 119.0.6045.160 with binary path C:\Program Files (x86)\Google\Chrome\Application\chrome.exe
Build info: version: &amp;apos;3.5.3&amp;apos;, revision: &amp;apos;a88d25fe6b&amp;apos;, time: &amp;apos;2017-08-29T12:42:44.417Z&amp;apos;
System info: host: &amp;apos;LAPTOP-MHS7RQK4&amp;apos;, ip: &amp;apos;172.20.112.1&amp;apos;, os.name: &amp;apos;Windows 10&amp;apos;, os.arch: &amp;apos;amd64&amp;apos;, os.version: &amp;apos;10.0&amp;apos;, java.version: &amp;apos;17.0.4.1&amp;apos;
Driver info: driver.version: ChromeDriver
remote stacktrace: Backtrace:
	GetHandleVerifier [0x0052A813+48355]
	(No symbol) [0x004BC4B1]
	(No symbol) [0x003C5358]
	(No symbol) [0x003E61AC]
	(No symbol) [0x003E1EF3]
	(No symbol) [0x003E0579]
	(No symbol) [0x00410C55]
	(No symbol) [0x0041093C]
	(No symbol) [0x0040A536]
	(No symbol) [0x003E82DC]
	(No symbol) [0x003E93DD]
	GetHandleVerifier [0x0078AABD+2539405]
	GetHandleVerifier [0x007CA78F+2800735]
	GetHandleVerifier [0x007C456C+2775612]
	GetHandleVerifier [0x005B51E0+616112]
	(No symbol) [0x004C5F8C]
	(No symbol) [0x004C2328]
	(No symbol) [0x004C240B]
	(No symbol) [0x004B4FF7]
	BaseThreadInitThunk [0x75DBFCC9+25]
	RtlGetAppContainerNamedObjectPath [0x778A7C6E+286]
	RtlGetAppContainerNamedObjectPath [0x778A7C3E+238]
">
      <![CDATA[org.openqa.selenium.SessionNotCreatedException: session not created: This version of ChromeDriver only supports Chrome version 114
Current browser version is 119.0.6045.160 with binary path C:\Program Files (x86)\Google\Chrome\Application\chrome.exe
Build info: version: '3.5.3', revision: 'a88d25fe6b', time: '2017-08-29T12:42:44.417Z'
System info: host: 'LAPTOP-MHS7RQK4', ip: '172.20.112.1', os.name: 'Windows 10', os.arch: 'amd64', os.version: '10.0', java.version: '17.0.4.1'
Driver info: driver.version: ChromeDriver
remote stacktrace: Backtrace:
GetHandleVerifier [0x0052A813+48355]
(No symbol) [0x004BC4B1]
(No symbol) [0x003C5358]
(No symbol) [0x003E61AC]
(No symbol) [0x003E1EF3]
(No symbol) [0x003E0579]
(No symbol) [0x00410C55]
(No symbol) [0x0041093C]
(No symbol) [0x0040A536]
(No symbol) [0x003E82DC]
(No symbol) [0x003E93DD]
GetHandleVerifier [0x0078AABD+2539405]
GetHandleVerifier [0x007CA78F+2800735]
GetHandleVerifier [0x007C456C+2775612]
GetHandleVerifier [0x005B51E0+616112]
(No symbol) [0x004C5F8C]
(No symbol) [0x004C2328]
(No symbol) [0x004C240B]
(No symbol) [0x004B4FF7]
BaseThreadInitThunk [0x75DBFCC9+25]
RtlGetAppContainerNamedObjectPath [0x778A7C6E+286]
RtlGetAppContainerNamedObjectPath [0x778A7C3E+238]

at java.base/jdk.internal.reflect.NativeConstructorAccessorImpl.newInstance0(Native Method)
at java.base/jdk.internal.reflect.NativeConstructorAccessorImpl.newInstance(NativeConstructorAccessorImpl.java:77)
at java.base/jdk.internal.reflect.DelegatingConstructorAccessorImpl.newInstance(DelegatingConstructorAccessorImpl.java:45)
at java.base/java.lang.reflect.Constructor.newInstanceWithCaller(Constructor.java:499)
at java.base/java.lang.reflect.Constructor.newInstance(Constructor.java:480)
at org.openqa.selenium.remote.W3CHandshakeResponse.lambda$new$0(W3CHandshakeResponse.java:57)
at org.openqa.selenium.remote.W3CHandshakeResponse.lambda$getResponseFunction$2(W3CHandshakeResponse.java:104)
at org.openqa.selenium.remote.ProtocolHandshake.lambda$createSession$24(ProtocolHandshake.java:359)
at java.base/java.util.stream.ReferencePipeline$3$1.accept(ReferencePipeline.java:197)
at java.base/java.util.Spliterators$ArraySpliterator.tryAdvance(Spliterators.java:1002)
at java.base/java.util.stream.ReferencePipeline.forEachWithCancel(ReferencePipeline.java:129)
at java.base/java.util.stream.AbstractPipeline.copyIntoWithCancel(AbstractPipeline.java:527)
at java.base/java.util.stream.AbstractPipeline.copyInto(AbstractPipeline.java:513)
at java.base/java.util.stream.AbstractPipeline.wrapAndCopyInto(AbstractPipeline.java:499)
at java.base/java.util.stream.FindOps$FindOp.evaluateSequential(FindOps.java:150)
at java.base/java.util.stream.AbstractPipeline.evaluate(AbstractPipeline.java:234)
at java.base/java.util.stream.ReferencePipeline.findFirst(ReferencePipeline.java:647)
at org.openqa.selenium.remote.ProtocolHandshake.createSession(ProtocolHandshake.java:362)
at org.openqa.selenium.remote.ProtocolHandshake.createSession(ProtocolHandshake.java:136)
at org.openqa.selenium.remote.HttpCommandExecutor.execute(HttpCommandExecutor.java:142)
at org.openqa.selenium.remote.service.DriverCommandExecutor.execute(DriverCommandExecutor.java:82)
at org.openqa.selenium.remote.RemoteWebDriver.execute(RemoteWebDriver.java:646)
at org.openqa.selenium.remote.RemoteWebDriver.startSession(RemoteWebDriver.java:255)
at org.openqa.selenium.remote.RemoteWebDriver.startSession(RemoteWebDriver.java:237)
at org.openqa.selenium.remote.RemoteWebDriver.<init>(RemoteWebDriver.java:138)
at org.openqa.selenium.chrome.ChromeDriver.<init>(ChromeDriver.java:178)
at org.openqa.selenium.chrome.ChromeDriver.<init>(ChromeDriver.java:167)
at org.openqa.selenium.chrome.ChromeDriver.<init>(ChromeDriver.java:156)
at com.plan.Utils.helper.setUpDriver(helper.java:47)
at parallelTest.hooks.setUpBrowser(hooks.java:40)
]]>
    </failure>
  </testcase> <!-- runScenario -->
</testsuite> <!-- Default test -->
